0 info it worked if it ends with ok
1 verbose cli [ '/usr/bin/nodejs',
1 verbose cli   '/usr/bin/npm',
1 verbose cli   'install',
1 verbose cli   '-g',
1 verbose cli   'add-cors-to-couchdb' ]
2 info using npm@1.3.10
3 info using node@v0.10.25
4 verbose cache add [ 'add-cors-to-couchdb', null ]
5 verbose cache add name=undefined spec="add-cors-to-couchdb" args=["add-cors-to-couchdb",null]
6 verbose parsed url { protocol: null,
6 verbose parsed url   slashes: null,
6 verbose parsed url   auth: null,
6 verbose parsed url   host: null,
6 verbose parsed url   port: null,
6 verbose parsed url   hostname: null,
6 verbose parsed url   hash: null,
6 verbose parsed url   search: null,
6 verbose parsed url   query: null,
6 verbose parsed url   pathname: 'add-cors-to-couchdb',
6 verbose parsed url   path: 'add-cors-to-couchdb',
6 verbose parsed url   href: 'add-cors-to-couchdb' }
7 silly lockFile e037096b-add-cors-to-couchdb add-cors-to-couchdb
8 verbose lock add-cors-to-couchdb /home/amy/.npm/e037096b-add-cors-to-couchdb.lock
9 silly lockFile e037096b-add-cors-to-couchdb add-cors-to-couchdb
10 silly lockFile e037096b-add-cors-to-couchdb add-cors-to-couchdb
11 verbose addNamed [ 'add-cors-to-couchdb', '' ]
12 verbose addNamed [ null, '*' ]
13 silly lockFile 60a3e4d7-add-cors-to-couchdb add-cors-to-couchdb@
14 verbose lock add-cors-to-couchdb@ /home/amy/.npm/60a3e4d7-add-cors-to-couchdb.lock
15 silly addNameRange { name: 'add-cors-to-couchdb', range: '*', hasData: false }
16 verbose url raw add-cors-to-couchdb
17 verbose url resolving [ 'https://registry.npmjs.org/', './add-cors-to-couchdb' ]
18 verbose url resolved https://registry.npmjs.org/add-cors-to-couchdb
19 info trying registry request attempt 1 at 12:07:04
20 verbose etag "5824f097-273e"
21 http GET https://registry.npmjs.org/add-cors-to-couchdb
22 http 304 https://registry.npmjs.org/add-cors-to-couchdb
23 silly registry.get cb [ 304,
23 silly registry.get   { date: 'Tue, 28 Feb 2017 17:07:05 GMT',
23 silly registry.get     via: '1.1 varnish',
23 silly registry.get     'cache-control': 'max-age=300',
23 silly registry.get     etag: '"5824f097-273e"',
23 silly registry.get     age: '169',
23 silly registry.get     connection: 'keep-alive',
23 silly registry.get     'x-served-by': 'cache-mia1321-MIA',
23 silly registry.get     'x-cache': 'HIT',
23 silly registry.get     'x-cache-hits': '1',
23 silly registry.get     'x-timer': 'S1488301625.615425,VS0,VE0',
23 silly registry.get     vary: 'Accept-Encoding' } ]
24 verbose etag add-cors-to-couchdb from cache
25 silly addNameRange number 2 { name: 'add-cors-to-couchdb', range: '*', hasData: true }
26 silly addNameRange versions [ 'add-cors-to-couchdb',
26 silly addNameRange   [ '0.0.1', '0.0.2', '0.0.3', '0.0.4', '0.0.5', '0.0.6' ] ]
27 verbose addNamed [ 'add-cors-to-couchdb', '0.0.6' ]
28 verbose addNamed [ '0.0.6', '0.0.6' ]
29 silly lockFile 3ba6da96-add-cors-to-couchdb-0-0-6 add-cors-to-couchdb@0.0.6
30 verbose lock add-cors-to-couchdb@0.0.6 /home/amy/.npm/3ba6da96-add-cors-to-couchdb-0-0-6.lock
31 silly lockFile 3ba6da96-add-cors-to-couchdb-0-0-6 add-cors-to-couchdb@0.0.6
32 silly lockFile 3ba6da96-add-cors-to-couchdb-0-0-6 add-cors-to-couchdb@0.0.6
33 silly lockFile 60a3e4d7-add-cors-to-couchdb add-cors-to-couchdb@
34 silly lockFile 60a3e4d7-add-cors-to-couchdb add-cors-to-couchdb@
35 silly resolved [ { name: 'add-cors-to-couchdb',
35 silly resolved     version: '0.0.6',
35 silly resolved     description: 'add CORS to couchdb',
35 silly resolved     main: 'index.js',
35 silly resolved     repository:
35 silly resolved      { type: 'git',
35 silly resolved        url: 'git://github.com/pouchdb/add-cors-to-couchdb.git' },
35 silly resolved     keywords: [ 'cors', 'couchdb', 'pouchdb' ],
35 silly resolved     author: { name: 'Calvin W. Metcalf' },
35 silly resolved     license: 'Apache-2.0',
35 silly resolved     bugs: { url: 'https://github.com/pouchdb/add-cors-to-couchdb/issues' },
35 silly resolved     homepage: 'https://github.com/pouchdb/add-cors-to-couchdb',
35 silly resolved     dependencies: { lie: '^3.0.2', 'node-fetch': '^1.4.0', yargs: '^1.3.1' },
35 silly resolved     bin: { 'add-cors-to-couchdb': './bin.js' },
35 silly resolved     files: [ 'bin.js', 'index.js' ],
35 silly resolved     readme: 'Add CORS to CouchDB [![Build Status](https://travis-ci.org/pouchdb/add-cors-to-couchdb.svg?branch=master)](https://travis-ci.org/pouchdb/add-cors-to-couchdb)\n====\n\n#### Summary\n\nCouchDB doesn\'t come with [CORS](https://en.wikipedia.org/wiki/Cross-Origin_Resource_Sharing) enabled by default. This is a problem for libraries like [PouchDB](http://pouchdb.com), which depend on being able to access CouchDB no matter what URL it\'s being served from. This script fixes that.\n\n#### Usage\n\nYou need to have [Node.js and NPM](https://nodejs.org) installed. Then do:\n\n```\nnpm install -g add-cors-to-couchdb\nadd-cors-to-couchdb\n```\n\nOr if it is a remote database:\n\n```\nadd-cors-to-couchdb http://me.iriscouch.com -u myusername -p mypassword\n```\n\n##### Ubuntu - special instructions\n\nOn Ubuntu the default Node.js library is called `nodejs` instead of `node` due to a naming conflict. To run on Ubuntu, you\'ll need to do:\n\n```\nsudo apt-get install nodejs-legacy\n```\n\n#### What it does\n\nThis script will simply add some generic CORS configuration to your CouchDB. You could also do it yourself trivially using `curl`:\n\n```bash\nHOST=http://adminname:password@localhost:5984 # or whatever you got\n\ncurl -X PUT $HOST/_config/httpd/enable_cors -d \'"true"\'\ncurl -X PUT $HOST/_config/cors/origins -d \'"*"\'\ncurl -X PUT $HOST/_config/cors/credentials -d \'"true"\'\ncurl -X PUT $HOST/_config/cors/methods -d \'"GET, PUT, POST, HEAD, DELETE"\'\ncurl -X PUT $HOST/_config/cors/headers -d \'"accept, authorization, content-type, origin, referer, x-csrf-token"\'\n```\n\nYou can always change the configuration later by simply going to [http://localhost:5984/_utils/config.html](http://localhost:5984/_utils/config.html) and updating the values. However, these default options are good for getting up and running.\n\n#### CouchDB 2.0+ instructions\n\nThis modules automatically detects CouchDB 2.0 and should do the right thing. But in case\nyou need to configure CORS on a per-node basis, do:\n\n```bash\ncurl -X GET $HOST/_membership\n```\n\nto see the list of available nodes, then do e.g.:\n\n```bash\ncurl -X PUT $HOST/_node/node1@127.0.0.1/_config/httpd/enable_cors -d \'"true"\'\ncurl -X PUT $HOST/_node/node1@127.0.0.1/_config/cors/origins -d \'"*"\'\ncurl -X PUT $HOST/_node/node1@127.0.0.1/_config/cors/credentials -d \'"true"\'\ncurl -X PUT $HOST/_node/node1@127.0.0.1/_config/cors/methods -d \'"GET, PUT, POST, HEAD, DELETE"\'\ncurl -X PUT $HOST/_node/node1@127.0.0.1/_config/cors/headers -d \'"accept, authorization, content-type, origin, referer, x-csrf-token"\'\n```\n',
35 silly resolved     readmeFilename: 'readme.md',
35 silly resolved     _id: 'add-cors-to-couchdb@0.0.6',
35 silly resolved     _from: 'add-cors-to-couchdb@' } ]
36 info install add-cors-to-couchdb@0.0.6 into /usr/local/lib
37 info installOne add-cors-to-couchdb@0.0.6
38 info /usr/local/lib/node_modules/add-cors-to-couchdb unbuild
39 verbose tar unpack /home/amy/.npm/add-cors-to-couchdb/0.0.6/package.tgz
40 silly lockFile 2d9154d3-node-modules-add-cors-to-couchdb tar:///usr/local/lib/node_modules/add-cors-to-couchdb
41 verbose lock tar:///usr/local/lib/node_modules/add-cors-to-couchdb /home/amy/.npm/2d9154d3-node-modules-add-cors-to-couchdb.lock
42 silly lockFile 47915f2e-ors-to-couchdb-0-0-6-package-tgz tar:///home/amy/.npm/add-cors-to-couchdb/0.0.6/package.tgz
43 verbose lock tar:///home/amy/.npm/add-cors-to-couchdb/0.0.6/package.tgz /home/amy/.npm/47915f2e-ors-to-couchdb-0-0-6-package-tgz.lock
44 silly gunzTarPerm modes [ '755', '644' ]
45 error Error: EACCES, mkdir '/usr/local/lib/node_modules'
45 error  { [Error: EACCES, mkdir '/usr/local/lib/node_modules']
45 error   errno: 3,
45 error   code: 'EACCES',
45 error   path: '/usr/local/lib/node_modules',
45 error   fstream_type: 'Directory',
45 error   fstream_path: '/usr/local/lib/node_modules/add-cors-to-couchdb',
45 error   fstream_class: 'DirWriter',
45 error   fstream_stack:
45 error    [ '/usr/lib/nodejs/fstream/lib/writer.js:171:23',
45 error      '/usr/lib/nodejs/mkdirp/index.js:37:53',
45 error      'Object.oncomplete (fs.js:107:15)' ] }
46 error Please try running this command again as root/Administrator.
47 error System Linux 3.4.0+
48 error command "/usr/bin/nodejs" "/usr/bin/npm" "install" "-g" "add-cors-to-couchdb"
49 error cwd /mnt/c/Users/amy.devries/Documents/GitHub/check-and-chomp
50 error node -v v0.10.25
51 error npm -v 1.3.10
52 error path /usr/local/lib/node_modules
53 error fstream_path /usr/local/lib/node_modules/add-cors-to-couchdb
54 error fstream_type Directory
55 error fstream_class DirWriter
56 error code EACCES
57 error errno 3
58 error stack Error: EACCES, mkdir '/usr/local/lib/node_modules'
59 error fstream_stack /usr/lib/nodejs/fstream/lib/writer.js:171:23
59 error fstream_stack /usr/lib/nodejs/mkdirp/index.js:37:53
59 error fstream_stack Object.oncomplete (fs.js:107:15)
60 verbose exit [ 3, true ]
